C51 COMPILER V9.02   SERIEL                                                                12/27/2012 11:26:21 PAGE 1   


C51 COMPILER V9.02, COMPILATION OF MODULE SERIEL
OBJECT MODULE PLACED IN seriel.OBJ
COMPILER INVOKED BY: C:\Keil\C51\BIN\C51.EXE seriel.c BROWSE DEBUG OBJECTEXTEND

line level    source

   1                   #include<reg52.h>
   2          #define uc unsigned char
   3          
   4          void sendString(uc *str);
   5          void delay(unsigned int y);
   6          void main()
   7          
   8           {      
   9   1       SCON=0X50;
  10   1       TMOD=0X20;
  11   1       TH1=0XFD;
  12   1       TR1=1;   
  13   1       
  14   1       delay(10);
  15   1        while(1){
  16   2        sendString("set time.....");
  17   2        delay(10);
  18   2        }
  19   1      }
  20            
  21          
  22            void sendString(uc *str)
  23          {
  24   1      uc ch;
  25   1      delay(10);
  26   1      while(*str)
  27   1      {
  28   2      ch=*str;
  29   2      SBUF=ch;
  30   2      delay(10);
  31   2      while(!TI);
  32   2      str++;
  33   2      }
  34   1      }
  35          void delay(unsigned int k)
  36          {
  37   1      unsigned int i,j;
  38   1      for(i=0;i<k;i++)
  39   1      for(j=0;j<250;j++);
  40   1      }


MODULE INFORMATION:   STATIC OVERLAYABLE
   CODE SIZE        =    106    ----
   CONSTANT SIZE    =     14    ----
   XDATA SIZE       =   ----    ----
   PDATA SIZE       =   ----    ----
   DATA SIZE        =   ----       3
   IDATA SIZE       =   ----    ----
   BIT SIZE         =   ----    ----
END OF MODULE INFORMATION.


C51 COMPILATION COMPLETE.  0 WARNING(S),  0 ERROR(S)
