C51 COMPILER V9.02   TIMERSOFT                                                             12/21/2012 16:06:05 PAGE 1   


C51 COMPILER V9.02, COMPILATION OF MODULE TIMERSOFT
OBJECT MODULE PLACED IN timersoft.OBJ
COMPILER INVOKED BY: C:\Keil\C51\BIN\C51.EXE timersoft.c BROWSE DEBUG OBJECTEXTEND

line level    source

   1                   #include<reg52.h>
   2          #define uc unsigned char
   3          sbit mybit=P1^7;
   4           void main()
   5           {
   6   1       int count=0;
   7   1       unsigned char sec,min;
   8   1         P2=0;
   9   1         mybit==1;
*** WARNING C275 IN LINE 9 OF TIMERSOFT.C: expression with possibly no effect
  10   1         P3^4==1;
*** WARNING C275 IN LINE 10 OF TIMERSOFT.C: expression with possibly no effect
  11   1       TMOD=0x05;
  12   1       TH0=0x00;
  13   1       TL0=0x00;
  14   1       TR0=1;
  15   1        while(mybit==0)
  16   1       {
  17   2       min=TL0;
  18   2       
  19   2       if(min>5)
  20   2       {
  21   3       TR0=0;
  22   3       TH0=0X00;
  23   3       TL0=0X00;
  24   3        TR0=1;
  25   3        }
  26   2       P2=min;
  27   2      }
  28   1      
  29   1        }
*** WARNING C280 IN LINE 7 OF TIMERSOFT.C: 'sec': unreferenced local variable


MODULE INFORMATION:   STATIC OVERLAYABLE
   CODE SIZE        =     41    ----
   CONSTANT SIZE    =   ----    ----
   XDATA SIZE       =   ----    ----
   PDATA SIZE       =   ----    ----
   DATA SIZE        =   ----       3
   IDATA SIZE       =   ----    ----
   BIT SIZE         =   ----    ----
END OF MODULE INFORMATION.


C51 COMPILATION COMPLETE.  3 WARNING(S),  0 ERROR(S)
