C51 COMPILER V9.02   TIMEREXMPLE                                                           12/07/2012 17:35:09 PAGE 1   


C51 COMPILER V9.02, COMPILATION OF MODULE TIMEREXMPLE
OBJECT MODULE PLACED IN timerexmple.OBJ
COMPILER INVOKED BY: C:\Keil\C51\BIN\C51.EXE timerexmple.c BROWSE DEBUG OBJECTEXTEND

line level    source

   1                   #include<reg52.h>
   2          #define uc unsigned char
   3          void signal(uc);
   4          //void signal1();
   5            void main()
   6          
   7           {
   8   1        
   9   1       P2=0;
  10   1       
  11   1        while(1)
  12   1       {
  13   2       P2=~P2;
  14   2       if(P1^0==0)
  15   2       {
  16   3       signal(0);
  17   3       }
  18   2       else
  19   2       {
  20   3       signal(1);
  21   3       }
  22   2       }
  23   1       }
  24                  
  25          void signal(uc c)
  26          { 
  27   1      TMOD=0X01;
  28   1      if(c==0)
  29   1       {
  30   2       TH0=0xFC;
  31   2       TL0=0x65;
  32   2       }
  33   1       else
  34   1       {
  35   2       TH0=0xFD;
  36   2       TL0=0x98;
  37   2       }
  38   1      
  39   1       TR0=1;
  40   1       while(TF0==0);
  41   1       TF0=0;
  42   1       TR0=0;
  43   1       }
  44          


MODULE INFORMATION:   STATIC OVERLAYABLE
   CODE SIZE        =     56    ----
   CONSTANT SIZE    =   ----    ----
   XDATA SIZE       =   ----    ----
   PDATA SIZE       =   ----    ----
   DATA SIZE        =   ----    ----
   IDATA SIZE       =   ----    ----
   BIT SIZE         =   ----    ----
END OF MODULE INFORMATION.

C51 COMPILER V9.02   TIMEREXMPLE                                                           12/07/2012 17:35:09 PAGE 2   


C51 COMPILATION COMPLETE.  0 WARNING(S),  0 ERROR(S)
