C51 COMPILER V9.02   TIMER1                                                                01/07/2005 19:45:44 PAGE 1   


C51 COMPILER V9.02, COMPILATION OF MODULE TIMER1
OBJECT MODULE PLACED IN timer1.OBJ
COMPILER INVOKED BY: C:\Keil\C51\BIN\C51.EXE timer1.c BROWSE DEBUG OBJECTEXTEND

line level    source

   1                   #include<reg52.h>
   2          #define uc unsigned char
   3          int count=0;
   4          
   5          sbit rs=P3^6;
   6          sbit en=P3^7;
   7          sbit hrsw=P1^6;
   8          sbit minsw=P1^7;
   9          
  10          void sendString(uc *str);
  11          void lcd_data(uc);
  12          void lcd_ini();
  13          void lcd_cmd(uc);
  14          
  15          void delay(unsigned int y);
  16          
  17          void timer0() interrupt 1
  18          {
  19   1      count++;
  20   1      }
  21          
  22          void main()
  23           {
  24   1      
  25   1       unsigned char sec=0,min=0,hr=0,y,a,b,c,x,z,i,j,k;
  26   1       //P1=0xff;
  27   1       P2=0;
  28   1      //  P1^6=0;
  29   1      //P1^7=0;
  30   1      // P3^5=1;
  31   1        TMOD=0x52;                            //timer1 as counter in mode 2 fjor time setting..
  32   1        TH1=0X00;
  33   1        TL1=0X00;
  34   1       lcd_ini();
  35   1       delay(5);
  36   1      
  37   1       //  setting the time........
  38   1      lcd_cmd(0x80);
  39   1       sendString("set time");
  40   1       delay(50);
  41   1       lcd_cmd(0x01);
  42   1      delay(20);
  43   1       lcd_cmd(0x80);
  44   1       sendString("set hr");
  45   1       delay(20);
  46   1       
  47   1              //Entering hour......
  48   1              TR1=1;   
  49   1       while(hrsw==1)
  50   1       {
  51   2       hr=TL1;
  52   2       if(hr>23)
  53   2       {
  54   3      TR1=0;
  55   3       TH1=0X00;
C51 COMPILER V9.02   TIMER1                                                                01/07/2005 19:45:44 PAGE 2   

  56   3       TL1=0X00;
  57   3        TR1=1;
  58   3       } 
  59   2       y=hr/10;
  60   2       z=hr%10;
  61   2      
  62   2        lcd_cmd(0xc0);
  63   2          lcd_data(y+0x30);
  64   2       lcd_data(z+0x30);
  65   2       }
  66   1       TR1=0;
  67   1      
  68   1        lcd_cmd(0x01);
  69   1      delay(20);
  70   1       lcd_cmd(0x80);
  71   1       sendString("set min");
  72   1      delay(20);      
  73   1                         // Entering minutes
  74   1      TH1=0X00;
  75   1       TL1=0X00;
  76   1      TR1=1;                                                             
  77   1        while(minsw==1)
  78   1       {
  79   2       min=TL1;
  80   2       if(min>59)
  81   2       {
  82   3      TR1=0;
  83   3       TH1=0X00;
  84   3       TL1=0X00;
  85   3        TR1=1;
  86   3      }
  87   2       j=min/10;
  88   2       k=min%10;
  89   2        lcd_cmd(0xc0);
  90   2          lcd_data(j+0x30);
  91   2       lcd_data(k+0x30);
  92   2        }
  93   1       TR1=0;
  94   1      
  95   1       // .time is set ....now it is displayed....
  96   1       lcd_cmd(0x01);
  97   1      delay(20);
  98   1       lcd_cmd(0x80);
  99   1        sendString("time");
 100   1       
 101   1       
 102   1      
 103   1       IE=0x82;
 104   1       TH0=0x05;
 105   1       TR0=1;
 106   1        while(1)
 107   1       {
 108   2       while(hr<24)
 109   2       {
 110   3        while(min<60)
 111   3        {
 112   4       while(sec<60)
 113   4       {
 114   5       while(count<3686) 
 115   5       {
 116   6       a=sec%100;
 117   6       b=a/10;
C51 COMPILER V9.02   TIMER1                                                                01/07/2005 19:45:44 PAGE 3   

 118   6       c=sec%10;
 119   6      
 120   6       i=min%100;
 121   6       j=i/10;
 122   6       k=min%10;
 123   6      
 124   6      x=hr%100;
 125   6       y=x/10;
 126   6       z=hr%10;
 127   6      
 128   6       lcd_cmd(0xc0);
 129   6          lcd_data(y+0x30);
 130   6       lcd_data(z+0x30);
 131   6      
 132   6         lcd_data(':');
 133   6      
 134   6         lcd_data(j+0x30);
 135   6       lcd_data(k+0x30);
 136   6      
 137   6       lcd_data(':');
 138   6      
 139   6        lcd_data(b+0x30);
 140   6       lcd_data(c+0x30);
 141   6      
 142   6      
 143   6        }
 144   5       count=0;
 145   5      // P1=~P1;
 146   5       sec++;
 147   5       
 148   5       }
 149   4       sec=0;
 150   4      min++;
 151   4      }
 152   3      min=0;
 153   3      hr++;
 154   3      }
 155   2      hr=0;
 156   2       }
 157   1       }
 158          // fns...........
 159          
 160                     void lcd_ini()
 161          {
 162   1      lcd_cmd(0x01);
 163   1      delay(20);
 164   1      lcd_cmd(0x0c);
 165   1      delay(20);
 166   1      lcd_cmd(0x38);
 167   1      delay(20);
 168   1        lcd_cmd(0x02);   
 169   1        delay(20);
 170   1      }
 171          
 172          void lcd_cmd(uc cmdword)
 173          {         
 174   1      rs=0; 
 175   1      P2=cmdword;
 176   1      
 177   1      en=1;
 178   1      delay(1);
 179   1      en=0;
C51 COMPILER V9.02   TIMER1                                                                01/07/2005 19:45:44 PAGE 4   

 180   1      delay(1);
 181   1      en=1;
 182   1      }
 183          
 184            void lcd_data(uc databyte)
 185          {
 186   1      rs=1;
 187   1      P2=databyte;
 188   1      en=1;
 189   1      delay(1);
 190   1      en=0;
 191   1      delay(1);
 192   1      }
 193          
 194          void sendString(uc *str)
 195          {
 196   1      delay(10);
 197   1      while(*str)
 198   1      {
 199   2      lcd_data(*str);
 200   2      delay(10);
 201   2      str++;
 202   2      }
 203   1      }
 204          void delay(unsigned int k)
 205          {
 206   1      unsigned int i,j;
 207   1      for(i=0;i<k;i++)
 208   1      for(j=0;j<250;j++);
 209   1      }


MODULE INFORMATION:   STATIC OVERLAYABLE
   CODE SIZE        =    642    ----
   CONSTANT SIZE    =     29    ----
   XDATA SIZE       =   ----    ----
   PDATA SIZE       =   ----    ----
   DATA SIZE        =      2      15
   IDATA SIZE       =   ----    ----
   BIT SIZE         =   ----    ----
END OF MODULE INFORMATION.


C51 COMPILATION COMPLETE.  0 WARNING(S),  0 ERROR(S)
