C51 COMPILER V9.02   ADC1                                                                  10/30/2012 21:38:32 PAGE 1   


C51 COMPILER V9.02, COMPILATION OF MODULE ADC1
OBJECT MODULE PLACED IN adc1.OBJ
COMPILER INVOKED BY: C:\Keil\C51\BIN\C51.EXE adc1.c BROWSE DEBUG OBJECTEXTEND

line level    source

   1            void adcconv(uc gotdata);
*** ERROR C141 IN LINE 1 OF ADC1.C: syntax error near 'gotdata', expected ')'
   2            void main()
   3          
   4           {
   5   1       P1=0xff;
*** ERROR C202 IN LINE 5 OF ADC1.C: 'P1': undefined identifier
   6   1       P2=0;
*** ERROR C202 IN LINE 6 OF ADC1.C: 'P2': undefined identifier
   7   1       int d,e,f,g,gotdata;
*** ERROR C141 IN LINE 7 OF ADC1.C: syntax error near 'int'
*** ERROR C202 IN LINE 7 OF ADC1.C: 'd': undefined identifier
   8   1       lcd_ini();
   9   1      
  10   1       while(1)
  11   1       {
  12   2       oe=0;
  13   2         eoc=1;
  14   2       start=1;
  15   2       delay(10);
  16   2       start=0;
  17   2       
  18   2       while(eoc);
  19   2       oe=1;
  20   2       delay(5);
  21   2       gotdata=P1;
  22   2       adcconv(gotdata);
  23   2       delay(5);
  24   2      
  25   2       }
  26   1       }
  27          
  28          
  29          
  30          
  31          
  32          
  33          
  34          
  35          //fns.........
  36            void adcconv(gotdata)
  37            {
  38   1        d=gotdata;
  39   1        e=d/100;
  40   1        f=d#10;
  41   1        g=d/10;
  42   1        h=g#10;
  43   1        lcd_data('e');
  44   1        lcd_data('h');
  45   1      lcd_data('f');
  46   1      
  47   1        }
  48          
  49                     void lcd_ini();
  50          {
C51 COMPILER V9.02   ADC1                                                                  10/30/2012 21:38:32 PAGE 2   

  51          lcd_com(0x01);
  52          delay(20);
  53          lcd_com(0xc0);
  54          delay(20);
  55          lcd_com(0x38);
  56          delay(20);
  57            lcd_com(0x80);
  58          delay(20);
  59          }
  60          
  61          void lcd_com(uc cmd_word)
  62          {
  63   1      en=1;
  64   1      delay(20);
  65   1      en=0;
  66   1      delay(10);
  67   1      P2=cmd_word;
  68   1      }
  69          
  70            void lcd_data(uc databyte)
  71          {
  72   1      rs=1;
  73   1      delay(20);
  74   1      rs=0;
  75   1      delay(10);
  76   1      P2=databyte;
  77   1      }
  78          //
  79          //void display(uc *str)
  80          //{
  81          //int i;
  82          //lcd_data(str);
  83          //str++;
  84          //}
  85          void delay(unsigned int j)
  86          {
  87   1      unsigned int k;
  88   1      for(i=0;i<j;i++)
  89   1      for(j=0;j<250;j++);
  90   1      }

C51 COMPILATION COMPLETE.  0 WARNING(S),  5 ERROR(S)
