C51 COMPILER V9.02   TEMPUFAN                                                              11/02/2012 19:18:17 PAGE 1   


C51 COMPILER V9.02, COMPILATION OF MODULE TEMPUFAN
OBJECT MODULE PLACED IN .\tempufan.obj
COMPILER INVOKED BY: C:\Keil\C51\BIN\C51.EXE C:\Users\binu\Desktop\tempufan.c BROWSE DEBUG OBJECTEXTEND PRINT(.\tempufan
                    -.lst) OBJECT(.\tempufan.obj)

line level    source

   1          #include <reg51.h>
   2          #define uc unsigned char
   3          
   4          unsigned int ontime,offtime,tempdata,ontimeref,offtimeref,temp,comp;
   5          
   6          //sbit led=P2^2;
   7          
   8          void lcd_com(uc command_word);
   9          void lcd_data(uc value);
  10          void display(uc *s);
  11          void lcd_init();
  12                                                             
  13          sbit rs=P2^6;   // register selector (mode selector)
  14          sbit en=P2^7;
  15          
  16          sbit start=P3^0;
  17          sbit oe=P3^3;
  18          sbit eoc=P3^1;
  19          
  20          sbit speed=P2^0;
  21          
  22          void pulseon();
  23          void pulseoff();
  24          
  25          void delay(unsigned int y);     
  26          
  27          void converts(unsigned int g);
  28          
  29          
  30          void timer0(void) interrupt 1
  31          {
  32   1                pulseon();
  33   1                return;
  34   1      }
  35          
  36          void timer1(void) interrupt 3
  37          {
  38   1                pulseoff();
  39   1                return;
  40   1      }  
  41          
  42          void main()
  43          {
  44   1      speed=0;
  45   1      P1=0xff;
  46   1      P0=0;
  47   1      lcd_init();
  48   1      
  49   1      lcd_com(0x80);
  50   1      
  51   1      display("Temp Controller");
  52   1      
  53   1      lcd_com(0xc0);
  54   1      
C51 COMPILER V9.02   TEMPUFAN                                                              11/02/2012 19:18:17 PAGE 2   

  55   1      display("Current Temp:");
  56   1      
  57   1      
  58   1      //while(1)
  59   1      //{
  60   1      //   led=0;
  61   1      //   delay(500);
  62   1      //   led=1;
  63   1      //   delay(500);
  64   1      //}
  65   1      ontime=0;
  66   1      offtime=0;
  67   1      //offcount=0;
  68   1      comp=35;
  69   1      TMOD=0x22;        //both timers mode 2                     
  70   1      
  71   1      TH0=0;
  72   1      TH1=0;
  73   1      
  74   1      IE=0x8A; 
  75   1      //IT0=1; // falling edge
  76   1      //IT1=1; // falling edge
  77   1      
  78   1      TR1=1;
  79   1      TR0=1;
  80   1      while(1)
  81   1      {
  82   2      
  83   2      
  84   2      oe=1;
  85   2      eoc=1 ;
  86   2      start=1;                   //start of convertion
  87   2      delay(1);
  88   2      start=0;
  89   2      delay(5);
  90   2      start=1;
  91   2      while(eoc==1); 
  92   2      
  93   2      oe=0;             //read data
  94   2      delay(5);
  95   2      tempdata=P1;
  96   2      delay(5);
  97   2      oe=1;
  98   2      //converts(tempdata);
  99   2      if(tempdata>=0 && tempdata<=19)
 100   2      {
 101   3      temp=28;
 102   3      converts(temp);
 103   3      speed=0;
 104   3      ontimeref=1000;
 105   3      offtimeref=1;
 106   3      }
 107   2      
 108   2      
 109   2      if(tempdata>19 && tempdata<=22)
 110   2      {
 111   3       temp=29;
 112   3      converts(temp);
 113   3      ontimeref=900;
 114   3      offtimeref=100;
 115   3      }
 116   2      
C51 COMPILER V9.02   TEMPUFAN                                                              11/02/2012 19:18:17 PAGE 3   

 117   2      
 118   2      
 119   2      if(tempdata>22 && tempdata<=25)
 120   2      {
 121   3      temp=30;
 122   3      converts(temp);
 123   3      ontimeref=700;
 124   3      offtimeref=300;
 125   3      }
 126   2      
 127   2      if(tempdata>25 && tempdata<=28)
 128   2      {
 129   3      temp=31;
 130   3      converts(temp);
 131   3      ontimeref=500;
 132   3      offtimeref=500;
 133   3      }
 134   2      
 135   2      if(tempdata>28 && tempdata<=31)
 136   2      {
 137   3      temp=32;
 138   3      converts(temp);
 139   3      ontimeref=300;
 140   3      offtimeref=600;
 141   3      }
 142   2      
 143   2      
 144   2      
 145   2      if(tempdata>31 && tempdata<=34)
 146   2      {
 147   3      temp=33;
 148   3      converts(temp);
 149   3      ontimeref=1;
 150   3      offtimeref=1000;
 151   3      offtime=0;
 152   3      //comp=tempdata ;
 153   3      }
 154   2       if(tempdata>35)
 155   2       {
 156   3      
 157   3        speed=1;
 158   3       ontimeref=1;
 159   3      offtimeref=1000;
 160   3      offtime=0;
 161   3      
 162   3      if(tempdata>comp)
 163   3      {
 164   4       comp=tempdata ;
 165   4       converts(temp++);
 166   4      
 167   4      }
 168   3      
 169   3      else
 170   3      {
 171   4       comp=tempdata;
 172   4       converts(temp--);
 173   4      
 174   4      }
 175   3      
 176   3      }
 177   2      
 178   2      delay(800);
C51 COMPILER V9.02   TEMPUFAN                                                              11/02/2012 19:18:17 PAGE 4   

 179   2       
 180   2      }
 181   1      
 182   1      
 183   1      
 184   1      
 185   1      }
 186          
 187          
 188          
 189          
 190          
 191          void pulseon()
 192          {
 193   1        ontime++;
 194   1                if(ontime>=ontimeref)
 195   1                     {
 196   2                          
 197   2                              
 198   2                      
 199   2                                                       
 200   2                              ontime=0;
 201   2                              speed=1;
 202   2                         }
 203   1      
 204   1                       
 205   1                       
 206   1                         return;
 207   1      }
 208          
 209          void pulseoff()
 210          {
 211   1        offtime++;
 212   1                if(offtime>=offtimeref)                ///
 213   1                     {
 214   2                          
 215   2                              
 216   2                      
 217   2                                                       
 218   2                              offtime=0;
 219   2                              speed=0;
 220   2                         }
 221   1      
 222   1                         
 223   1                         return;
 224   1      }  
 225          
 226          
 227          // lcd..............................
 228          void lcd_init()                 
 229          {
 230   1       
 231   1        lcd_com(0x38);
 232   1       delay(1);
 233   1       lcd_com(0x0c);
 234   1         delay(1);
 235   1       lcd_com(0x01);
 236   1        delay(1);
 237   1       lcd_com(0x02);
 238   1       
 239   1       delay(1);
 240   1       return;
C51 COMPILER V9.02   TEMPUFAN                                                              11/02/2012 19:18:17 PAGE 5   

 241   1       
 242   1      }
 243          
 244          void lcd_com(uc command_word)           
 245          {
 246   1      rs=0;
 247   1      P0=command_word;
 248   1      en=0;
 249   1      delay(1);
 250   1      en=1;
 251   1      delay(1);
 252   1      return;
 253   1      }
 254          
 255          void lcd_data(uc value)         
 256          {
 257   1      rs=1;
 258   1      P0=value;
 259   1      en=0;
 260   1      delay(1);
 261   1      en=1;
 262   1      delay(1);
 263   1      return;
 264   1      }
 265          
 266          void display(uc *s)
 267          {
 268   1      while (*s)
 269   1              {
 270   2              lcd_data(*s);
 271   2              delay(1);
 272   2              s++;
 273   2              }
 274   1              return;
 275   1      } 
 276          
 277          ///////convert..............
 278          void converts(unsigned int g)
 279          {
 280   1      unsigned int x;
 281   1      x=g/100;
 282   1      x=x+(0x30);                                             
 283   1      lcd_com(0xcd);
 284   1      lcd_data(x);
 285   1      
 286   1      g=g%100;
 287   1      x=g/10;
 288   1      x=x+(0x30);
 289   1      lcd_com(0xce);
 290   1      lcd_data(x); 
 291   1      
 292   1      x=g%10;
 293   1      x=x+(0x30);
 294   1      lcd_com(0xcf);
 295   1      lcd_data(x);
 296   1      return;
 297   1      }
 298          
 299          // delay.............................
 300          void delay(unsigned int y) 
 301          { 
 302   1          unsigned int k,h;
C51 COMPILER V9.02   TEMPUFAN                                                              11/02/2012 19:18:17 PAGE 6   

 303   1              for(h=0;h<y;h++)  
 304   1               
 305   1        for(k=0;k<=250;k++);
 306   1       
 307   1        return;
 308   1      }
 309          
 310          


MODULE INFORMATION:   STATIC OVERLAYABLE
   CODE SIZE        =    895    ----
   CONSTANT SIZE    =     30    ----
   XDATA SIZE       =   ----    ----
   PDATA SIZE       =   ----    ----
   DATA SIZE        =     14       7
   IDATA SIZE       =   ----    ----
   BIT SIZE         =   ----    ----
END OF MODULE INFORMATION.


C51 COMPILATION COMPLETE.  0 WARNING(S),  0 ERROR(S)
